<?xml version="1.0" encoding="utf-8"?><testsuites name="pytest tests"><testsuite name="pytest" errors="0" failures="0" skipped="0" tests="11" time="2.453" timestamp="2026-04-16T14:15:48.815479+00:00" hostname="agent-env-58c90b8c-c97e-47b9-b1df-4ac486db75f0"><testcase classname="tests.test_backend_api.TestHealth" name="test_health_endpoint" time="0.127" /><testcase classname="tests.test_backend_api.TestChallenges" name="test_get_challenges" time="0.174" /><testcase classname="tests.test_backend_api.TestChallenges" name="test_get_trending_challenges" time="0.117" /><testcase classname="tests.test_backend_api.TestChallenges" name="test_get_challenge_by_id" time="0.228" /><testcase classname="tests.test_backend_api.TestLeaderboard" name="test_get_leaderboard" time="0.165" /><testcase classname="tests.test_backend_api.TestAuthGatedEndpoints" name="test_auth_me" time="0.669" /><testcase classname="tests.test_backend_api.TestAuthGatedEndpoints" name="test_auth_me_without_token" time="0.118" /><testcase classname="tests.test_backend_api.TestAuthGatedEndpoints" name="test_create_challenge" time="0.197" /><testcase classname="tests.test_backend_api.TestAuthGatedEndpoints" name="test_join_challenge" time="0.161" /><testcase classname="tests.test_backend_api.TestAuthGatedEndpoints" name="test_get_my_challenges" time="0.170" /><testcase classname="tests.test_backend_api.TestAuthGatedEndpoints" name="test_create_proof" time="0.273" /></testsuite></testsuites>